<?xml version="1.0" encoding="UTF-8"?>
<!-- Generated by org.testng.reporters.JUnitReportReporter -->
<testsuite hostname="alexander-pc" failures="0" tests="4" name="LessonSeventeenTest" time="14.908" errors="0" timestamp="2024-02-21T18:41:51 MSK" skipped="0">
  <testcase classname="LessonSeventeenTest" name="checkCalculateFunctions" time="3.568"/>
  <testcase classname="LessonSeventeenTest" name="checkCalculateFunctions" time="4.151"/>
  <testcase classname="LessonSeventeenTest" name="checkCalculateFunctions" time="3.561"/>
  <testcase classname="LessonSeventeenTest" name="checkCalculateFunctions" time="3.628"/>
</testsuite> <!-- LessonSeventeenTest -->
